\BOOKMARK [1][-]{section.1}{\376\377\136\217\212\326\000\040}{}% 1
\BOOKMARK [2][-]{subsection.1.1}{\376\377\060\306\060\374\060\336\060\156\220\170\133\232\164\006\165\061\000\040\000\050\000W\000h\000y\000\040\000y\000o\000u\000\040\000c\000h\000o\000o\000s\000e\000\040\000t\000h\000e\000\040\000p\000r\000e\000d\000i\000c\000t\000i\000o\000n\000\040\000t\000h\000e\000m\000e\000\051}{section.1}% 2
\BOOKMARK [2][-]{subsection.1.2}{\376\377\116\210\156\054\060\156\214\242\163\056\000\040\000\050\000H\000o\000w\000\040\000t\000h\000e\000\040\000p\000r\000e\000d\000i\000c\000t\000i\000o\000n\000\040\000c\000o\000n\000t\000r\000i\000b\000u\000t\000e\000\051}{section.1}% 3
\BOOKMARK [1][-]{section.2}{\376\377\060\307\060\374\060\277}{}% 4
\BOOKMARK [2][-]{subsection.2.1}{\376\377\060\307\060\374\060\277\060\156\123\316\226\306\145\271\154\325\000\040\000\050\000H\000o\000w\000\040\000t\000o\000\040\000c\000o\000l\000l\000e\000c\000t\000\040\000d\000a\000t\000a\000\051}{section.2}% 5
\BOOKMARK [2][-]{subsection.2.2}{\376\377\060\307\060\374\060\277\060\273\060\303\060\310\060\156\151\202\211\201}{section.2}% 6
\BOOKMARK [1][-]{section.3}{\376\377\142\113\154\325}{}% 7
\BOOKMARK [2][-]{subsection.3.1}{\376\377\060\307\060\374\060\277\122\115\121\346\164\006\060\150\162\171\137\264\221\317\060\250\060\363\060\270\060\313\060\242\060\352\060\363\060\260}{section.3}% 8
\BOOKMARK [2][-]{subsection.3.2}{\376\377\144\015\131\061\225\242\145\160\060\150\212\125\117\241\143\007\152\031}{section.3}% 9
\BOOKMARK [2][-]{subsection.3.3}{\376\377\117\177\165\050\060\342\060\307\060\353\000\040}{section.3}% 10
\BOOKMARK [1][-]{section.4}{\376\377\133\237\232\023\212\055\133\232\000\040}{}% 11
\BOOKMARK [2][-]{subsection.4.1}{\376\377\060\307\060\374\060\277\122\006\122\162}{section.4}% 12
\BOOKMARK [2][-]{subsection.4.2}{\376\377\116\244\135\356\151\034\212\074\000\040}{section.4}% 13
\BOOKMARK [2][-]{subsection.4.3}{\376\377\060\342\060\307\060\353\060\156\060\321\060\351\060\341\060\374\060\277\212\055\133\232}{section.4}% 14
\BOOKMARK [2][-]{subsection.4.4}{\376\377\212\125\117\241\145\271\154\325\000\040}{section.4}% 15
\BOOKMARK [1][-]{section.5}{\376\377\133\237\232\023\175\120\147\234}{}% 16
\BOOKMARK [2][-]{subsection.5.1}{\376\377\000R\000i\000d\000g\000e\126\336\136\060\060\156\175\120\147\234}{section.5}% 17
\BOOKMARK [2][-]{subsection.5.2}{\376\377\000M\000L\000P\060\156\175\120\147\234}{section.5}% 18
\BOOKMARK [2][-]{subsection.5.3}{\376\377\060\342\060\307\060\353\140\047\200\375\060\156\153\324\217\003}{section.5}% 19
\BOOKMARK [2][-]{subsection.5.4}{\376\377\116\210\156\054\175\120\147\234\060\156\123\357\211\226\123\026}{section.5}% 20
\BOOKMARK [2][-]{subsection.5.5}{\376\377\146\102\174\373\122\027\116\210\156\054\060\156\123\357\211\226\123\026}{section.5}% 21
\BOOKMARK [1][-]{section.6}{\376\377\200\003\133\337}{}% 22
\BOOKMARK [2][-]{subsection.6.1}{\376\377\060\342\060\307\060\353\140\047\200\375\060\156\153\324\217\003}{section.6}% 23
\BOOKMARK [2][-]{subsection.6.2}{\376\377\162\171\137\264\221\317\060\250\060\363\060\270\060\313\060\242\060\352\060\363\060\260\060\156\122\271\147\234}{section.6}% 24
\BOOKMARK [2][-]{subsection.6.3}{\376\377\220\116\133\146\177\322\060\150\154\116\123\026\140\047\200\375}{section.6}% 25
\BOOKMARK [1][-]{section.7}{\376\377\175\120\212\326\000\040}{}% 26
